{"synthetic": false,
 "schemaVersion": "2025-09-10",
 "outputs":
 {"o": ["d44b10c0a1604ba5.olean"],
  "m": false,
  "i": "b622f00e44190072.ilean",
  "c": "014db08480de8059.c"},
 "log":
 [{"message":
   ".> LEAN_PATH=/home/kd/composable-future/lean/.lake/packages/Cli/.lake/build/lib/lean:/home/kd/composable-future/lean/.lake/packages/batteries/.lake/build/lib/lean:/home/kd/composable-future/lean/.lake/packages/Qq/.lake/build/lib/lean:/home/kd/composable-future/lean/.lake/packages/aesop/.lake/build/lib/lean:/home/kd/composable-future/lean/.lake/packages/proofwidgets/.lake/build/lib/lean:/home/kd/composable-future/lean/.lake/packages/importGraph/.lake/build/lib/lean:/home/kd/composable-future/lean/.lake/packages/LeanSearchClient/.lake/build/lib/lean:/home/kd/composable-future/lean/.lake/packages/plausible/.lake/build/lib/lean:/home/kd/composable-future/lean/.lake/packages/mathlib/.lake/build/lib/lean:/home/kd/composable-future/lean/.lake/build/lib/lean /home/kd/.elan/toolchains/leanprover--lean4---v4.30.0-rc1/bin/lean /home/kd/composable-future/lean/ComposableFuture/Core/Laws.lean -o /home/kd/composable-future/lean/.lake/build/lib/lean/ComposableFuture/Core/Laws.olean -i /home/kd/composable-future/lean/.lake/build/lib/lean/ComposableFuture/Core/Laws.ilean -c /home/kd/composable-future/lean/.lake/build/ir/ComposableFuture/Core/Laws.c --setup /home/kd/composable-future/lean/.lake/build/ir/ComposableFuture/Core/Laws.setup.json --json",
   "level": "trace"},
  {"message": "ComposableFuture/Core/Laws.lean:17:8: declaration uses `sorry`",
   "level": "warning"},
  {"message": "ComposableFuture/Core/Laws.lean:21:8: declaration uses `sorry`",
   "level": "warning"},
  {"message": "ComposableFuture/Core/Laws.lean:25:8: declaration uses `sorry`",
   "level": "warning"}],
 "inputs":
 [["ComposableFuture.Core.Laws:deps",
   [["deps",
     [["«composable-future»/ComposableFuture:extraDep",
       [["@«composable-future»:extraDep", "00000000000006bb"]]],
      ["imports",
       [["ComposableFuture.Core.Operators transitive imports (legacy)",
         "909718539b1d1698"],
        ["ComposableFuture.Core.Operators:importAllArts",
         "8c044f3a8feb8aa8"]]]]],
    ["libs",
     [["import dynlibs", "00000000000006bb"],
      ["package external libraries", "00000000000006bb"],
      ["module dynlibs", "00000000000006bb"],
      ["module plugins", "00000000000006bb"]]]]],
  ["Lean 4.30.0, commit 714601baf118066cbf3f282361339c6d06665b2a",
   "a22979b798cee25b"],
  ["/home/kd/composable-future/lean/ComposableFuture/Core/Laws.lean",
   "9dafbbdf2a8b07d9"],
  ["options", "00000000000006bb"],
  ["isModule: false", "feefd2a0d3a1847e"],
  ["Module.name: ComposableFuture.Core.Laws", "bc5c39a065e18d66"],
  ["Package.id?: (some composable-future)", "52e46c78208cf350"],
  ["Module.leanArgs: #[]", "00000000000006bb"]],
 "depHash": "bce0d6721e4bc99b"}