{"synthetic": false,
 "schemaVersion": "2025-09-10",
 "outputs":
 {"o": ["cd566afae5007674.olean"],
  "m": false,
  "i": "1e07bd14dccc74ec.ilean",
  "c": "1ac7246786d1965b.c"},
 "log":
 [{"message":
   ".> LEAN_PATH=/home/kd/composable-future/lean/.lake/packages/Cli/.lake/build/lib/lean:/home/kd/composable-future/lean/.lake/packages/batteries/.lake/build/lib/lean:/home/kd/composable-future/lean/.lake/packages/Qq/.lake/build/lib/lean:/home/kd/composable-future/lean/.lake/packages/aesop/.lake/build/lib/lean:/home/kd/composable-future/lean/.lake/packages/proofwidgets/.lake/build/lib/lean:/home/kd/composable-future/lean/.lake/packages/importGraph/.lake/build/lib/lean:/home/kd/composable-future/lean/.lake/packages/LeanSearchClient/.lake/build/lib/lean:/home/kd/composable-future/lean/.lake/packages/plausible/.lake/build/lib/lean:/home/kd/composable-future/lean/.lake/packages/mathlib/.lake/build/lib/lean:/home/kd/composable-future/lean/.lake/build/lib/lean /home/kd/.elan/toolchains/leanprover--lean4---v4.30.0-rc1/bin/lean /home/kd/composable-future/lean/ComposableFuture/Core/Probabilistic.lean -o /home/kd/composable-future/lean/.lake/build/lib/lean/ComposableFuture/Core/Probabilistic.olean -i /home/kd/composable-future/lean/.lake/build/lib/lean/ComposableFuture/Core/Probabilistic.ilean -c /home/kd/composable-future/lean/.lake/build/ir/ComposableFuture/Core/Probabilistic.c --setup /home/kd/composable-future/lean/.lake/build/ir/ComposableFuture/Core/Probabilistic.setup.json --json",
   "level": "trace"},
  {"message":
   "ComposableFuture/Core/Probabilistic.lean:14:4: declaration uses `sorry`",
   "level": "warning"},
  {"message":
   "ComposableFuture/Core/Probabilistic.lean:24:4: declaration uses `sorry`",
   "level": "warning"},
  {"message":
   "ComposableFuture/Core/Probabilistic.lean:30:8: declaration uses `sorry`",
   "level": "warning"},
  {"message":
   "ComposableFuture/Core/Probabilistic.lean:37:8: declaration uses `sorry`",
   "level": "warning"}],
 "inputs":
 [["ComposableFuture.Core.Probabilistic:deps",
   [["deps",
     [["«composable-future»/ComposableFuture:extraDep",
       [["@«composable-future»:extraDep", "00000000000006bb"]]],
      ["imports",
       [["ComposableFuture.Core.Future transitive imports (legacy)",
         "00000000000006bb"],
        ["ComposableFuture.Core.Future:importAllArts", "496f647304b2113d"]]]]],
    ["libs",
     [["import dynlibs", "00000000000006bb"],
      ["package external libraries", "00000000000006bb"],
      ["module dynlibs", "00000000000006bb"],
      ["module plugins", "00000000000006bb"]]]]],
  ["Lean 4.30.0, commit 714601baf118066cbf3f282361339c6d06665b2a",
   "a22979b798cee25b"],
  ["/home/kd/composable-future/lean/ComposableFuture/Core/Probabilistic.lean",
   "e72ccd8fb6b5fb30"],
  ["options", "00000000000006bb"],
  ["isModule: false", "feefd2a0d3a1847e"],
  ["Module.name: ComposableFuture.Core.Probabilistic", "18448636cbcc7300"],
  ["Package.id?: (some composable-future)", "52e46c78208cf350"],
  ["Module.leanArgs: #[]", "00000000000006bb"]],
 "depHash": "6374a7a980c65045"}