{"synthetic": false,
 "schemaVersion": "2025-09-10",
 "outputs":
 {"o": ["f6ba6fb1f74aec97.olean"],
  "m": false,
  "i": "777daca87b390f62.ilean",
  "c": "e7d441d5666699d8.c"},
 "log":
 [{"message":
   ".> LEAN_PATH=/home/kd/composable-future/lean/.lake/packages/Cli/.lake/build/lib/lean:/home/kd/composable-future/lean/.lake/packages/batteries/.lake/build/lib/lean:/home/kd/composable-future/lean/.lake/packages/Qq/.lake/build/lib/lean:/home/kd/composable-future/lean/.lake/packages/aesop/.lake/build/lib/lean:/home/kd/composable-future/lean/.lake/packages/proofwidgets/.lake/build/lib/lean:/home/kd/composable-future/lean/.lake/packages/importGraph/.lake/build/lib/lean:/home/kd/composable-future/lean/.lake/packages/LeanSearchClient/.lake/build/lib/lean:/home/kd/composable-future/lean/.lake/packages/plausible/.lake/build/lib/lean:/home/kd/composable-future/lean/.lake/packages/mathlib/.lake/build/lib/lean:/home/kd/composable-future/lean/.lake/build/lib/lean /home/kd/.elan/toolchains/leanprover--lean4---v4.30.0-rc1/bin/lean /home/kd/composable-future/lean/ComposableFuture.lean -o /home/kd/composable-future/lean/.lake/build/lib/lean/ComposableFuture.olean -i /home/kd/composable-future/lean/.lake/build/lib/lean/ComposableFuture.ilean -c /home/kd/composable-future/lean/.lake/build/ir/ComposableFuture.c --setup /home/kd/composable-future/lean/.lake/build/ir/ComposableFuture.setup.json --json",
   "level": "trace"}],
 "inputs":
 [["ComposableFuture:deps",
   [["deps",
     [["«composable-future»/ComposableFuture:extraDep",
       [["@«composable-future»:extraDep", "00000000000006bb"]]],
      ["imports",
       [["ComposableFuture.Core.Future transitive imports (legacy)",
         "00000000000006bb"],
        ["ComposableFuture.Core.Future:importAllArts", "496f647304b2113d"],
        ["ComposableFuture.Core.Operators transitive imports (legacy)",
         "db19fd486397df5b"],
        ["ComposableFuture.Core.Operators:importAllArts", "a993d28114a52895"],
        ["ComposableFuture.Core.Laws transitive imports (legacy)",
         "3fe63fbc7dbef1bd"],
        ["ComposableFuture.Core.Laws:importAllArts", "2fedfa7d8d12e02c"],
        ["ComposableFuture.Core.Probabilistic transitive imports (legacy)",
         "db19fd486397df5b"],
        ["ComposableFuture.Core.Probabilistic:importAllArts",
         "5cb1b93949f27b72"]]]]],
    ["libs",
     [["import dynlibs", "00000000000006bb"],
      ["package external libraries", "00000000000006bb"],
      ["module dynlibs", "00000000000006bb"],
      ["module plugins", "00000000000006bb"]]]]],
  ["Lean 4.30.0, commit 714601baf118066cbf3f282361339c6d06665b2a",
   "a22979b798cee25b"],
  ["/home/kd/composable-future/lean/ComposableFuture.lean", "c560f29626b3a852"],
  ["options", "00000000000006bb"],
  ["isModule: false", "feefd2a0d3a1847e"],
  ["Module.name: ComposableFuture", "09d7e0281f2d0bfc"],
  ["Package.id?: (some composable-future)", "52e46c78208cf350"],
  ["Module.leanArgs: #[]", "00000000000006bb"]],
 "depHash": "dc93c038c03cff74"}